2020-06-14 22:54:23,228:INFO: Using MirroredStrategy with devices ('/job:localhost/replica:0/task:0/device:GPU:0', '/job:localhost/replica:0/task:0/device:GPU:1', '/job:localhost/replica:0/task:0/device:GPU:2', '/job:localhost/replica:0/task:0/device:GPU:3', '/job:localhost/replica:0/task:0/device:GPU:4', '/job:localhost/replica:0/task:0/device:GPU:5', '/job:localhost/replica:0/task:0/device:GPU:6', '/job:localhost/replica:0/task:0/device:GPU:7')
2020-06-14 22:54:23,230:INFO: InSync: 8
2020-06-14 22:54:23,705:INFO: Initializing model...
2020-06-14 22:54:23,705:INFO: Batch size: 1
2020-06-14 22:55:23,510:INFO: Reduce to /job:localhost/replica:0/task:0/device:CPU:0 then broadcast to ('/job:localhost/replica:0/task:0/device:CPU:0',).
2020-06-14 22:55:23,529:INFO: Reduce to /job:localhost/replica:0/task:0/device:CPU:0 then broadcast to ('/job:localhost/replica:0/task:0/device:CPU:0',).
2020-06-14 22:55:23,845:INFO: Reduce to /job:localhost/replica:0/task:0/device:CPU:0 then broadcast to ('/job:localhost/replica:0/task:0/device:CPU:0',).
2020-06-14 22:55:23,850:INFO: Reduce to /job:localhost/replica:0/task:0/device:CPU:0 then broadcast to ('/job:localhost/replica:0/task:0/device:CPU:0',).
2020-06-14 22:55:25,220:INFO: Reduce to /job:localhost/replica:0/task:0/device:CPU:0 then broadcast to ('/job:localhost/replica:0/task:0/device:CPU:0',).
2020-06-14 22:55:25,225:INFO: Reduce to /job:localhost/replica:0/task:0/device:CPU:0 then broadcast to ('/job:localhost/replica:0/task:0/device:CPU:0',).
2020-06-14 22:55:25,230:INFO: Reduce to /job:localhost/replica:0/task:0/device:CPU:0 then broadcast to ('/job:localhost/replica:0/task:0/device:CPU:0',).
2020-06-14 22:55:26,264:INFO: Training model...
2020-06-14 22:55:33,286:INFO: batch_all_reduce: 9 all-reduces with algorithm = nccl, num_packs = 1, agg_small_grads_max_bytes = 0 and agg_small_grads_max_group = 10
2020-06-14 22:55:34,041:INFO: Reduce to /job:localhost/replica:0/task:0/device:CPU:0 then broadcast to ('/job:localhost/replica:0/task:0/device:CPU:0',).
2020-06-14 22:55:34,047:INFO: Reduce to /job:localhost/replica:0/task:0/device:CPU:0 then broadcast to ('/job:localhost/replica:0/task:0/device:CPU:0',).
2020-06-14 22:55:34,429:INFO: Reduce to /job:localhost/replica:0/task:0/device:CPU:0 then broadcast to ('/job:localhost/replica:0/task:0/device:CPU:0',).
2020-06-14 22:55:41,344:INFO: batch_all_reduce: 9 all-reduces with algorithm = nccl, num_packs = 1, agg_small_grads_max_bytes = 0 and agg_small_grads_max_group = 10
2020-06-14 22:56:08,221:INFO: Found credentials in shared credentials file: ~/.aws/credentials
2020-06-14 23:22:28,004:INFO: Using MirroredStrategy with devices ('/job:localhost/replica:0/task:0/device:GPU:0', '/job:localhost/replica:0/task:0/device:GPU:1', '/job:localhost/replica:0/task:0/device:GPU:2', '/job:localhost/replica:0/task:0/device:GPU:3', '/job:localhost/replica:0/task:0/device:GPU:4', '/job:localhost/replica:0/task:0/device:GPU:5', '/job:localhost/replica:0/task:0/device:GPU:6', '/job:localhost/replica:0/task:0/device:GPU:7')
2020-06-14 23:22:28,005:INFO: InSync: 8
2020-06-14 23:22:28,047:INFO: Initializing model...
2020-06-14 23:22:28,047:INFO: Batch size: 1
2020-06-14 23:22:31,233:INFO: Reduce to /job:localhost/replica:0/task:0/device:CPU:0 then broadcast to ('/job:localhost/replica:0/task:0/device:CPU:0',).
2020-06-14 23:22:31,253:INFO: Reduce to /job:localhost/replica:0/task:0/device:CPU:0 then broadcast to ('/job:localhost/replica:0/task:0/device:CPU:0',).
2020-06-14 23:22:31,574:INFO: Reduce to /job:localhost/replica:0/task:0/device:CPU:0 then broadcast to ('/job:localhost/replica:0/task:0/device:CPU:0',).
2020-06-14 23:22:31,579:INFO: Reduce to /job:localhost/replica:0/task:0/device:CPU:0 then broadcast to ('/job:localhost/replica:0/task:0/device:CPU:0',).
2020-06-14 23:22:32,966:INFO: Reduce to /job:localhost/replica:0/task:0/device:CPU:0 then broadcast to ('/job:localhost/replica:0/task:0/device:CPU:0',).
2020-06-14 23:22:32,971:INFO: Reduce to /job:localhost/replica:0/task:0/device:CPU:0 then broadcast to ('/job:localhost/replica:0/task:0/device:CPU:0',).
2020-06-14 23:22:32,976:INFO: Reduce to /job:localhost/replica:0/task:0/device:CPU:0 then broadcast to ('/job:localhost/replica:0/task:0/device:CPU:0',).
2020-06-14 23:22:34,013:INFO: Training model...
2020-06-14 23:22:40,001:INFO: batch_all_reduce: 9 all-reduces with algorithm = nccl, num_packs = 1, agg_small_grads_max_bytes = 0 and agg_small_grads_max_group = 10
2020-06-14 23:22:40,474:INFO: Reduce to /job:localhost/replica:0/task:0/device:CPU:0 then broadcast to ('/job:localhost/replica:0/task:0/device:CPU:0',).
2020-06-14 23:22:40,479:INFO: Reduce to /job:localhost/replica:0/task:0/device:CPU:0 then broadcast to ('/job:localhost/replica:0/task:0/device:CPU:0',).
2020-06-14 23:22:40,864:INFO: Reduce to /job:localhost/replica:0/task:0/device:CPU:0 then broadcast to ('/job:localhost/replica:0/task:0/device:CPU:0',).
2020-06-14 23:22:47,757:INFO: batch_all_reduce: 9 all-reduces with algorithm = nccl, num_packs = 1, agg_small_grads_max_bytes = 0 and agg_small_grads_max_group = 10
2020-06-14 23:23:00,634:INFO: Found credentials in shared credentials file: ~/.aws/credentials
2020-06-14 23:44:29,230:INFO: Using MirroredStrategy with devices ('/job:localhost/replica:0/task:0/device:GPU:0', '/job:localhost/replica:0/task:0/device:GPU:1', '/job:localhost/replica:0/task:0/device:GPU:2', '/job:localhost/replica:0/task:0/device:GPU:3', '/job:localhost/replica:0/task:0/device:GPU:4', '/job:localhost/replica:0/task:0/device:GPU:5', '/job:localhost/replica:0/task:0/device:GPU:6', '/job:localhost/replica:0/task:0/device:GPU:7')
2020-06-14 23:44:29,231:INFO: InSync: 8
2020-06-14 23:44:29,273:INFO: Initializing model...
2020-06-14 23:44:29,273:INFO: Batch size: 8
2020-06-14 23:44:32,447:INFO: Reduce to /job:localhost/replica:0/task:0/device:CPU:0 then broadcast to ('/job:localhost/replica:0/task:0/device:CPU:0',).
2020-06-14 23:44:32,466:INFO: Reduce to /job:localhost/replica:0/task:0/device:CPU:0 then broadcast to ('/job:localhost/replica:0/task:0/device:CPU:0',).
2020-06-14 23:44:32,786:INFO: Reduce to /job:localhost/replica:0/task:0/device:CPU:0 then broadcast to ('/job:localhost/replica:0/task:0/device:CPU:0',).
2020-06-14 23:44:32,791:INFO: Reduce to /job:localhost/replica:0/task:0/device:CPU:0 then broadcast to ('/job:localhost/replica:0/task:0/device:CPU:0',).
2020-06-14 23:44:34,165:INFO: Reduce to /job:localhost/replica:0/task:0/device:CPU:0 then broadcast to ('/job:localhost/replica:0/task:0/device:CPU:0',).
2020-06-14 23:44:34,171:INFO: Reduce to /job:localhost/replica:0/task:0/device:CPU:0 then broadcast to ('/job:localhost/replica:0/task:0/device:CPU:0',).
2020-06-14 23:44:34,177:INFO: Reduce to /job:localhost/replica:0/task:0/device:CPU:0 then broadcast to ('/job:localhost/replica:0/task:0/device:CPU:0',).
2020-06-14 23:44:35,209:INFO: Training model...
2020-06-14 23:44:41,137:INFO: batch_all_reduce: 9 all-reduces with algorithm = nccl, num_packs = 1, agg_small_grads_max_bytes = 0 and agg_small_grads_max_group = 10
2020-06-14 23:44:41,609:INFO: Reduce to /job:localhost/replica:0/task:0/device:CPU:0 then broadcast to ('/job:localhost/replica:0/task:0/device:CPU:0',).
2020-06-14 23:44:41,615:INFO: Reduce to /job:localhost/replica:0/task:0/device:CPU:0 then broadcast to ('/job:localhost/replica:0/task:0/device:CPU:0',).
2020-06-14 23:44:41,995:INFO: Reduce to /job:localhost/replica:0/task:0/device:CPU:0 then broadcast to ('/job:localhost/replica:0/task:0/device:CPU:0',).
2020-06-14 23:44:48,875:INFO: batch_all_reduce: 9 all-reduces with algorithm = nccl, num_packs = 1, agg_small_grads_max_bytes = 0 and agg_small_grads_max_group = 10
2020-06-14 23:45:01,681:INFO: Found credentials in shared credentials file: ~/.aws/credentials
2020-06-15 00:07:36,250:INFO: Using MirroredStrategy with devices ('/job:localhost/replica:0/task:0/device:GPU:0', '/job:localhost/replica:0/task:0/device:GPU:1', '/job:localhost/replica:0/task:0/device:GPU:2', '/job:localhost/replica:0/task:0/device:GPU:3', '/job:localhost/replica:0/task:0/device:GPU:4', '/job:localhost/replica:0/task:0/device:GPU:5', '/job:localhost/replica:0/task:0/device:GPU:6', '/job:localhost/replica:0/task:0/device:GPU:7')
2020-06-15 00:07:36,251:INFO: InSync: 8
2020-06-15 00:07:36,293:INFO: Initializing model...
2020-06-15 00:07:36,293:INFO: Batch size: 8
2020-06-15 00:07:39,495:INFO: Reduce to /job:localhost/replica:0/task:0/device:CPU:0 then broadcast to ('/job:localhost/replica:0/task:0/device:CPU:0',).
2020-06-15 00:07:39,514:INFO: Reduce to /job:localhost/replica:0/task:0/device:CPU:0 then broadcast to ('/job:localhost/replica:0/task:0/device:CPU:0',).
2020-06-15 00:07:39,831:INFO: Reduce to /job:localhost/replica:0/task:0/device:CPU:0 then broadcast to ('/job:localhost/replica:0/task:0/device:CPU:0',).
2020-06-15 00:07:39,836:INFO: Reduce to /job:localhost/replica:0/task:0/device:CPU:0 then broadcast to ('/job:localhost/replica:0/task:0/device:CPU:0',).
2020-06-15 00:07:41,207:INFO: Reduce to /job:localhost/replica:0/task:0/device:CPU:0 then broadcast to ('/job:localhost/replica:0/task:0/device:CPU:0',).
2020-06-15 00:07:41,212:INFO: Reduce to /job:localhost/replica:0/task:0/device:CPU:0 then broadcast to ('/job:localhost/replica:0/task:0/device:CPU:0',).
2020-06-15 00:07:41,218:INFO: Reduce to /job:localhost/replica:0/task:0/device:CPU:0 then broadcast to ('/job:localhost/replica:0/task:0/device:CPU:0',).
2020-06-15 00:07:42,249:INFO: Training model...
2020-06-15 00:07:48,280:INFO: batch_all_reduce: 9 all-reduces with algorithm = nccl, num_packs = 1, agg_small_grads_max_bytes = 0 and agg_small_grads_max_group = 10
2020-06-15 00:07:48,757:INFO: Reduce to /job:localhost/replica:0/task:0/device:CPU:0 then broadcast to ('/job:localhost/replica:0/task:0/device:CPU:0',).
2020-06-15 00:07:48,762:INFO: Reduce to /job:localhost/replica:0/task:0/device:CPU:0 then broadcast to ('/job:localhost/replica:0/task:0/device:CPU:0',).
2020-06-15 00:07:49,149:INFO: Reduce to /job:localhost/replica:0/task:0/device:CPU:0 then broadcast to ('/job:localhost/replica:0/task:0/device:CPU:0',).
2020-06-15 00:07:56,106:INFO: batch_all_reduce: 9 all-reduces with algorithm = nccl, num_packs = 1, agg_small_grads_max_bytes = 0 and agg_small_grads_max_group = 10
2020-06-15 00:08:09,127:INFO: Found credentials in shared credentials file: ~/.aws/credentials
2020-06-15 00:27:29,663:INFO: Using MirroredStrategy with devices ('/job:localhost/replica:0/task:0/device:GPU:0', '/job:localhost/replica:0/task:0/device:GPU:1', '/job:localhost/replica:0/task:0/device:GPU:2', '/job:localhost/replica:0/task:0/device:GPU:3', '/job:localhost/replica:0/task:0/device:GPU:4', '/job:localhost/replica:0/task:0/device:GPU:5', '/job:localhost/replica:0/task:0/device:GPU:6', '/job:localhost/replica:0/task:0/device:GPU:7')
2020-06-15 00:27:29,664:INFO: InSync: 8
2020-06-15 00:27:29,706:INFO: Initializing model...
2020-06-15 00:27:29,706:INFO: Batch size: 16
2020-06-15 00:27:32,906:INFO: Reduce to /job:localhost/replica:0/task:0/device:CPU:0 then broadcast to ('/job:localhost/replica:0/task:0/device:CPU:0',).
2020-06-15 00:27:32,926:INFO: Reduce to /job:localhost/replica:0/task:0/device:CPU:0 then broadcast to ('/job:localhost/replica:0/task:0/device:CPU:0',).
2020-06-15 00:27:33,248:INFO: Reduce to /job:localhost/replica:0/task:0/device:CPU:0 then broadcast to ('/job:localhost/replica:0/task:0/device:CPU:0',).
2020-06-15 00:27:33,253:INFO: Reduce to /job:localhost/replica:0/task:0/device:CPU:0 then broadcast to ('/job:localhost/replica:0/task:0/device:CPU:0',).
2020-06-15 00:27:34,638:INFO: Reduce to /job:localhost/replica:0/task:0/device:CPU:0 then broadcast to ('/job:localhost/replica:0/task:0/device:CPU:0',).
2020-06-15 00:27:34,644:INFO: Reduce to /job:localhost/replica:0/task:0/device:CPU:0 then broadcast to ('/job:localhost/replica:0/task:0/device:CPU:0',).
2020-06-15 00:27:34,650:INFO: Reduce to /job:localhost/replica:0/task:0/device:CPU:0 then broadcast to ('/job:localhost/replica:0/task:0/device:CPU:0',).
2020-06-15 00:27:35,686:INFO: Training model...
2020-06-15 00:27:41,835:INFO: batch_all_reduce: 9 all-reduces with algorithm = nccl, num_packs = 1, agg_small_grads_max_bytes = 0 and agg_small_grads_max_group = 10
2020-06-15 00:27:42,313:INFO: Reduce to /job:localhost/replica:0/task:0/device:CPU:0 then broadcast to ('/job:localhost/replica:0/task:0/device:CPU:0',).
2020-06-15 00:27:42,318:INFO: Reduce to /job:localhost/replica:0/task:0/device:CPU:0 then broadcast to ('/job:localhost/replica:0/task:0/device:CPU:0',).
2020-06-15 00:27:42,714:INFO: Reduce to /job:localhost/replica:0/task:0/device:CPU:0 then broadcast to ('/job:localhost/replica:0/task:0/device:CPU:0',).
2020-06-15 00:27:49,814:INFO: batch_all_reduce: 9 all-reduces with algorithm = nccl, num_packs = 1, agg_small_grads_max_bytes = 0 and agg_small_grads_max_group = 10
2020-06-15 00:28:02,775:INFO: Found credentials in shared credentials file: ~/.aws/credentials
2020-06-15 00:45:46,605:INFO: Using MirroredStrategy with devices ('/job:localhost/replica:0/task:0/device:GPU:0', '/job:localhost/replica:0/task:0/device:GPU:1', '/job:localhost/replica:0/task:0/device:GPU:2', '/job:localhost/replica:0/task:0/device:GPU:3', '/job:localhost/replica:0/task:0/device:GPU:4', '/job:localhost/replica:0/task:0/device:GPU:5', '/job:localhost/replica:0/task:0/device:GPU:6', '/job:localhost/replica:0/task:0/device:GPU:7')
2020-06-15 00:45:46,606:INFO: InSync: 8
2020-06-15 00:45:46,648:INFO: Initializing model...
2020-06-15 00:45:46,648:INFO: Batch size: 16
2020-06-15 00:45:49,825:INFO: Reduce to /job:localhost/replica:0/task:0/device:CPU:0 then broadcast to ('/job:localhost/replica:0/task:0/device:CPU:0',).
2020-06-15 00:45:49,845:INFO: Reduce to /job:localhost/replica:0/task:0/device:CPU:0 then broadcast to ('/job:localhost/replica:0/task:0/device:CPU:0',).
2020-06-15 00:45:50,166:INFO: Reduce to /job:localhost/replica:0/task:0/device:CPU:0 then broadcast to ('/job:localhost/replica:0/task:0/device:CPU:0',).
2020-06-15 00:45:50,171:INFO: Reduce to /job:localhost/replica:0/task:0/device:CPU:0 then broadcast to ('/job:localhost/replica:0/task:0/device:CPU:0',).
2020-06-15 00:45:51,543:INFO: Reduce to /job:localhost/replica:0/task:0/device:CPU:0 then broadcast to ('/job:localhost/replica:0/task:0/device:CPU:0',).
2020-06-15 00:45:51,549:INFO: Reduce to /job:localhost/replica:0/task:0/device:CPU:0 then broadcast to ('/job:localhost/replica:0/task:0/device:CPU:0',).
2020-06-15 00:45:51,554:INFO: Reduce to /job:localhost/replica:0/task:0/device:CPU:0 then broadcast to ('/job:localhost/replica:0/task:0/device:CPU:0',).
2020-06-15 00:45:52,586:INFO: Training model...
2020-06-15 00:45:58,590:INFO: batch_all_reduce: 9 all-reduces with algorithm = nccl, num_packs = 1, agg_small_grads_max_bytes = 0 and agg_small_grads_max_group = 10
2020-06-15 00:45:59,059:INFO: Reduce to /job:localhost/replica:0/task:0/device:CPU:0 then broadcast to ('/job:localhost/replica:0/task:0/device:CPU:0',).
2020-06-15 00:45:59,065:INFO: Reduce to /job:localhost/replica:0/task:0/device:CPU:0 then broadcast to ('/job:localhost/replica:0/task:0/device:CPU:0',).
2020-06-15 00:45:59,450:INFO: Reduce to /job:localhost/replica:0/task:0/device:CPU:0 then broadcast to ('/job:localhost/replica:0/task:0/device:CPU:0',).
2020-06-15 00:46:06,413:INFO: batch_all_reduce: 9 all-reduces with algorithm = nccl, num_packs = 1, agg_small_grads_max_bytes = 0 and agg_small_grads_max_group = 10
2020-06-15 00:46:19,296:INFO: Found credentials in shared credentials file: ~/.aws/credentials
2020-06-15 03:11:28,342:INFO: Using MirroredStrategy with devices ('/job:localhost/replica:0/task:0/device:GPU:0', '/job:localhost/replica:0/task:0/device:GPU:1', '/job:localhost/replica:0/task:0/device:GPU:2', '/job:localhost/replica:0/task:0/device:GPU:3', '/job:localhost/replica:0/task:0/device:GPU:4', '/job:localhost/replica:0/task:0/device:GPU:5', '/job:localhost/replica:0/task:0/device:GPU:6', '/job:localhost/replica:0/task:0/device:GPU:7')
2020-06-15 03:11:28,344:INFO: InSync: 8
2020-06-15 03:11:28,443:INFO: Initializing model...
2020-06-15 03:11:28,443:INFO: Batch size: 8
2020-06-15 03:11:34,382:INFO: Reduce to /job:localhost/replica:0/task:0/device:CPU:0 then broadcast to ('/job:localhost/replica:0/task:0/device:CPU:0',).
2020-06-15 03:11:34,402:INFO: Reduce to /job:localhost/replica:0/task:0/device:CPU:0 then broadcast to ('/job:localhost/replica:0/task:0/device:CPU:0',).
2020-06-15 03:11:34,580:INFO: Reduce to /job:localhost/replica:0/task:0/device:CPU:0 then broadcast to ('/job:localhost/replica:0/task:0/device:CPU:0',).
2020-06-15 03:11:34,599:INFO: Reduce to /job:localhost/replica:0/task:0/device:CPU:0 then broadcast to ('/job:localhost/replica:0/task:0/device:CPU:0',).
2020-06-15 03:11:35,080:INFO: Reduce to /job:localhost/replica:0/task:0/device:CPU:0 then broadcast to ('/job:localhost/replica:0/task:0/device:CPU:0',).
2020-06-15 03:11:35,086:INFO: Reduce to /job:localhost/replica:0/task:0/device:CPU:0 then broadcast to ('/job:localhost/replica:0/task:0/device:CPU:0',).
2020-06-15 03:11:36,455:INFO: Reduce to /job:localhost/replica:0/task:0/device:CPU:0 then broadcast to ('/job:localhost/replica:0/task:0/device:CPU:0',).
2020-06-15 03:11:36,460:INFO: Reduce to /job:localhost/replica:0/task:0/device:CPU:0 then broadcast to ('/job:localhost/replica:0/task:0/device:CPU:0',).
2020-06-15 03:11:36,465:INFO: Reduce to /job:localhost/replica:0/task:0/device:CPU:0 then broadcast to ('/job:localhost/replica:0/task:0/device:CPU:0',).
2020-06-15 03:11:37,498:INFO: Training model...
2020-06-15 03:11:43,543:INFO: batch_all_reduce: 9 all-reduces with algorithm = nccl, num_packs = 1, agg_small_grads_max_bytes = 0 and agg_small_grads_max_group = 10
2020-06-15 03:11:44,021:INFO: Reduce to /job:localhost/replica:0/task:0/device:CPU:0 then broadcast to ('/job:localhost/replica:0/task:0/device:CPU:0',).
2020-06-15 03:11:50,301:INFO: batch_all_reduce: 9 all-reduces with algorithm = nccl, num_packs = 1, agg_small_grads_max_bytes = 0 and agg_small_grads_max_group = 10
2020-06-15 03:12:04,194:INFO: Found credentials in shared credentials file: ~/.aws/credentials
2020-06-15 03:15:06,477:INFO: Using MirroredStrategy with devices ('/job:localhost/replica:0/task:0/device:GPU:0', '/job:localhost/replica:0/task:0/device:GPU:1', '/job:localhost/replica:0/task:0/device:GPU:2', '/job:localhost/replica:0/task:0/device:GPU:3', '/job:localhost/replica:0/task:0/device:GPU:4', '/job:localhost/replica:0/task:0/device:GPU:5', '/job:localhost/replica:0/task:0/device:GPU:6', '/job:localhost/replica:0/task:0/device:GPU:7')
2020-06-15 03:15:06,478:INFO: InSync: 8
2020-06-15 03:15:06,520:INFO: Initializing model...
2020-06-15 03:15:06,521:INFO: Batch size: 8
2020-06-15 03:15:09,718:INFO: Reduce to /job:localhost/replica:0/task:0/device:CPU:0 then broadcast to ('/job:localhost/replica:0/task:0/device:CPU:0',).
2020-06-15 03:15:09,737:INFO: Reduce to /job:localhost/replica:0/task:0/device:CPU:0 then broadcast to ('/job:localhost/replica:0/task:0/device:CPU:0',).
2020-06-15 03:15:09,933:INFO: Reduce to /job:localhost/replica:0/task:0/device:CPU:0 then broadcast to ('/job:localhost/replica:0/task:0/device:CPU:0',).
2020-06-15 03:15:09,941:INFO: Reduce to /job:localhost/replica:0/task:0/device:CPU:0 then broadcast to ('/job:localhost/replica:0/task:0/device:CPU:0',).
2020-06-15 03:20:39,795:INFO: Using MirroredStrategy with devices ('/job:localhost/replica:0/task:0/device:GPU:0', '/job:localhost/replica:0/task:0/device:GPU:1', '/job:localhost/replica:0/task:0/device:GPU:2', '/job:localhost/replica:0/task:0/device:GPU:3', '/job:localhost/replica:0/task:0/device:GPU:4', '/job:localhost/replica:0/task:0/device:GPU:5', '/job:localhost/replica:0/task:0/device:GPU:6', '/job:localhost/replica:0/task:0/device:GPU:7')
2020-06-15 03:20:39,796:INFO: InSync: 8
2020-06-15 03:20:39,838:INFO: Initializing model...
2020-06-15 03:20:39,838:INFO: Batch size: 8
2020-06-15 03:20:43,035:INFO: Reduce to /job:localhost/replica:0/task:0/device:CPU:0 then broadcast to ('/job:localhost/replica:0/task:0/device:CPU:0',).
2020-06-15 03:20:43,054:INFO: Reduce to /job:localhost/replica:0/task:0/device:CPU:0 then broadcast to ('/job:localhost/replica:0/task:0/device:CPU:0',).
2020-06-15 03:20:43,249:INFO: Reduce to /job:localhost/replica:0/task:0/device:CPU:0 then broadcast to ('/job:localhost/replica:0/task:0/device:CPU:0',).
2020-06-15 03:20:43,257:INFO: Reduce to /job:localhost/replica:0/task:0/device:CPU:0 then broadcast to ('/job:localhost/replica:0/task:0/device:CPU:0',).
2020-06-15 03:29:01,640:INFO: Using MirroredStrategy with devices ('/job:localhost/replica:0/task:0/device:GPU:0', '/job:localhost/replica:0/task:0/device:GPU:1', '/job:localhost/replica:0/task:0/device:GPU:2', '/job:localhost/replica:0/task:0/device:GPU:3', '/job:localhost/replica:0/task:0/device:GPU:4', '/job:localhost/replica:0/task:0/device:GPU:5', '/job:localhost/replica:0/task:0/device:GPU:6', '/job:localhost/replica:0/task:0/device:GPU:7')
2020-06-15 03:29:01,640:INFO: InSync: 8
2020-06-15 03:29:01,683:INFO: Initializing model...
2020-06-15 03:29:01,683:INFO: Batch size: 8
2020-06-15 03:29:04,882:INFO: Reduce to /job:localhost/replica:0/task:0/device:CPU:0 then broadcast to ('/job:localhost/replica:0/task:0/device:CPU:0',).
2020-06-15 03:29:04,902:INFO: Reduce to /job:localhost/replica:0/task:0/device:CPU:0 then broadcast to ('/job:localhost/replica:0/task:0/device:CPU:0',).
2020-06-15 03:29:05,096:INFO: Reduce to /job:localhost/replica:0/task:0/device:CPU:0 then broadcast to ('/job:localhost/replica:0/task:0/device:CPU:0',).
2020-06-15 03:29:05,104:INFO: Reduce to /job:localhost/replica:0/task:0/device:CPU:0 then broadcast to ('/job:localhost/replica:0/task:0/device:CPU:0',).
2020-06-15 03:29:05,317:INFO: Reduce to /job:localhost/replica:0/task:0/device:CPU:0 then broadcast to ('/job:localhost/replica:0/task:0/device:CPU:0',).
2020-06-15 03:29:05,322:INFO: Reduce to /job:localhost/replica:0/task:0/device:CPU:0 then broadcast to ('/job:localhost/replica:0/task:0/device:CPU:0',).
2020-06-15 03:29:06,692:INFO: Reduce to /job:localhost/replica:0/task:0/device:CPU:0 then broadcast to ('/job:localhost/replica:0/task:0/device:CPU:0',).
2020-06-15 03:29:06,698:INFO: Reduce to /job:localhost/replica:0/task:0/device:CPU:0 then broadcast to ('/job:localhost/replica:0/task:0/device:CPU:0',).
2020-06-15 03:29:06,703:INFO: Reduce to /job:localhost/replica:0/task:0/device:CPU:0 then broadcast to ('/job:localhost/replica:0/task:0/device:CPU:0',).
2020-06-15 03:29:07,737:INFO: Training model...
2020-06-15 03:29:18,469:INFO: batch_all_reduce: 14 all-reduces with algorithm = nccl, num_packs = 1, agg_small_grads_max_bytes = 0 and agg_small_grads_max_group = 10
2020-06-15 03:29:18,976:INFO: Reduce to /job:localhost/replica:0/task:0/device:CPU:0 then broadcast to ('/job:localhost/replica:0/task:0/device:CPU:0',).
2020-06-15 03:29:31,044:INFO: batch_all_reduce: 14 all-reduces with algorithm = nccl, num_packs = 1, agg_small_grads_max_bytes = 0 and agg_small_grads_max_group = 10
2020-06-15 03:29:55,151:INFO: Found credentials in shared credentials file: ~/.aws/credentials
2020-06-15 03:47:58,271:WARNING: Can save best model only with val_accuracy available, skipping.
2020-06-15 04:29:44,437:INFO: Using MirroredStrategy with devices ('/job:localhost/replica:0/task:0/device:GPU:0', '/job:localhost/replica:0/task:0/device:GPU:1', '/job:localhost/replica:0/task:0/device:GPU:2', '/job:localhost/replica:0/task:0/device:GPU:3', '/job:localhost/replica:0/task:0/device:GPU:4', '/job:localhost/replica:0/task:0/device:GPU:5', '/job:localhost/replica:0/task:0/device:GPU:6', '/job:localhost/replica:0/task:0/device:GPU:7')
2020-06-15 04:29:44,440:INFO: InSync: 8
2020-06-15 04:29:44,535:INFO: Initializing model...
2020-06-15 04:29:44,535:INFO: Batch size: 8
2020-06-15 04:29:51,216:INFO: Reduce to /job:localhost/replica:0/task:0/device:CPU:0 then broadcast to ('/job:localhost/replica:0/task:0/device:CPU:0',).
2020-06-15 04:29:51,236:INFO: Reduce to /job:localhost/replica:0/task:0/device:CPU:0 then broadcast to ('/job:localhost/replica:0/task:0/device:CPU:0',).
2020-06-15 04:29:51,431:INFO: Reduce to /job:localhost/replica:0/task:0/device:CPU:0 then broadcast to ('/job:localhost/replica:0/task:0/device:CPU:0',).
2020-06-15 04:29:51,439:INFO: Reduce to /job:localhost/replica:0/task:0/device:CPU:0 then broadcast to ('/job:localhost/replica:0/task:0/device:CPU:0',).
2020-06-15 04:29:51,654:INFO: Reduce to /job:localhost/replica:0/task:0/device:CPU:0 then broadcast to ('/job:localhost/replica:0/task:0/device:CPU:0',).
2020-06-15 04:29:51,660:INFO: Reduce to /job:localhost/replica:0/task:0/device:CPU:0 then broadcast to ('/job:localhost/replica:0/task:0/device:CPU:0',).
2020-06-15 04:29:53,053:INFO: Reduce to /job:localhost/replica:0/task:0/device:CPU:0 then broadcast to ('/job:localhost/replica:0/task:0/device:CPU:0',).
2020-06-15 04:29:53,058:INFO: Reduce to /job:localhost/replica:0/task:0/device:CPU:0 then broadcast to ('/job:localhost/replica:0/task:0/device:CPU:0',).
2020-06-15 04:29:53,064:INFO: Reduce to /job:localhost/replica:0/task:0/device:CPU:0 then broadcast to ('/job:localhost/replica:0/task:0/device:CPU:0',).
2020-06-15 04:29:54,102:INFO: Training model...
2020-06-15 04:30:05,004:INFO: batch_all_reduce: 14 all-reduces with algorithm = nccl, num_packs = 1, agg_small_grads_max_bytes = 0 and agg_small_grads_max_group = 10
2020-06-15 04:30:05,532:INFO: Reduce to /job:localhost/replica:0/task:0/device:CPU:0 then broadcast to ('/job:localhost/replica:0/task:0/device:CPU:0',).
2020-06-15 04:30:17,824:INFO: batch_all_reduce: 14 all-reduces with algorithm = nccl, num_packs = 1, agg_small_grads_max_bytes = 0 and agg_small_grads_max_group = 10
2020-06-15 04:30:43,545:INFO: Found credentials in shared credentials file: ~/.aws/credentials
2020-06-15 04:30:44,011:WARNING: Can save best model only with val_accuracy available, skipping.
2020-06-15 04:33:55,530:INFO: Using MirroredStrategy with devices ('/job:localhost/replica:0/task:0/device:GPU:0', '/job:localhost/replica:0/task:0/device:GPU:1', '/job:localhost/replica:0/task:0/device:GPU:2', '/job:localhost/replica:0/task:0/device:GPU:3', '/job:localhost/replica:0/task:0/device:GPU:4', '/job:localhost/replica:0/task:0/device:GPU:5', '/job:localhost/replica:0/task:0/device:GPU:6', '/job:localhost/replica:0/task:0/device:GPU:7')
2020-06-15 04:33:55,531:INFO: InSync: 8
2020-06-15 04:33:55,573:INFO: Initializing model...
2020-06-15 04:33:55,573:INFO: Batch size: 8
2020-06-15 04:33:58,793:INFO: Reduce to /job:localhost/replica:0/task:0/device:CPU:0 then broadcast to ('/job:localhost/replica:0/task:0/device:CPU:0',).
2020-06-15 04:33:58,812:INFO: Reduce to /job:localhost/replica:0/task:0/device:CPU:0 then broadcast to ('/job:localhost/replica:0/task:0/device:CPU:0',).
2020-06-15 04:33:59,005:INFO: Reduce to /job:localhost/replica:0/task:0/device:CPU:0 then broadcast to ('/job:localhost/replica:0/task:0/device:CPU:0',).
2020-06-15 04:33:59,013:INFO: Reduce to /job:localhost/replica:0/task:0/device:CPU:0 then broadcast to ('/job:localhost/replica:0/task:0/device:CPU:0',).
2020-06-15 04:33:59,228:INFO: Reduce to /job:localhost/replica:0/task:0/device:CPU:0 then broadcast to ('/job:localhost/replica:0/task:0/device:CPU:0',).
2020-06-15 04:33:59,233:INFO: Reduce to /job:localhost/replica:0/task:0/device:CPU:0 then broadcast to ('/job:localhost/replica:0/task:0/device:CPU:0',).
2020-06-15 04:34:00,612:INFO: Reduce to /job:localhost/replica:0/task:0/device:CPU:0 then broadcast to ('/job:localhost/replica:0/task:0/device:CPU:0',).
2020-06-15 04:34:00,617:INFO: Reduce to /job:localhost/replica:0/task:0/device:CPU:0 then broadcast to ('/job:localhost/replica:0/task:0/device:CPU:0',).
2020-06-15 04:34:00,623:INFO: Reduce to /job:localhost/replica:0/task:0/device:CPU:0 then broadcast to ('/job:localhost/replica:0/task:0/device:CPU:0',).
2020-06-15 04:34:01,657:INFO: Training model...
2020-06-15 04:34:12,517:INFO: batch_all_reduce: 14 all-reduces with algorithm = nccl, num_packs = 1, agg_small_grads_max_bytes = 0 and agg_small_grads_max_group = 10
2020-06-15 04:34:13,029:INFO: Reduce to /job:localhost/replica:0/task:0/device:CPU:0 then broadcast to ('/job:localhost/replica:0/task:0/device:CPU:0',).
2020-06-15 04:34:25,405:INFO: batch_all_reduce: 14 all-reduces with algorithm = nccl, num_packs = 1, agg_small_grads_max_bytes = 0 and agg_small_grads_max_group = 10
2020-06-15 04:34:49,711:INFO: Found credentials in shared credentials file: ~/.aws/credentials
2020-06-15 04:34:50,412:WARNING: Can save best model only with val_accuracy available, skipping.
2020-06-15 04:36:50,618:INFO: Using MirroredStrategy with devices ('/job:localhost/replica:0/task:0/device:GPU:0', '/job:localhost/replica:0/task:0/device:GPU:1', '/job:localhost/replica:0/task:0/device:GPU:2', '/job:localhost/replica:0/task:0/device:GPU:3', '/job:localhost/replica:0/task:0/device:GPU:4', '/job:localhost/replica:0/task:0/device:GPU:5', '/job:localhost/replica:0/task:0/device:GPU:6', '/job:localhost/replica:0/task:0/device:GPU:7')
2020-06-15 04:36:50,619:INFO: InSync: 8
2020-06-15 04:36:50,663:INFO: Initializing model...
2020-06-15 04:36:50,663:INFO: Batch size: 8
2020-06-15 04:36:53,918:INFO: Reduce to /job:localhost/replica:0/task:0/device:CPU:0 then broadcast to ('/job:localhost/replica:0/task:0/device:CPU:0',).
2020-06-15 04:36:53,938:INFO: Reduce to /job:localhost/replica:0/task:0/device:CPU:0 then broadcast to ('/job:localhost/replica:0/task:0/device:CPU:0',).
2020-06-15 04:36:54,138:INFO: Reduce to /job:localhost/replica:0/task:0/device:CPU:0 then broadcast to ('/job:localhost/replica:0/task:0/device:CPU:0',).
2020-06-15 04:36:54,146:INFO: Reduce to /job:localhost/replica:0/task:0/device:CPU:0 then broadcast to ('/job:localhost/replica:0/task:0/device:CPU:0',).
2020-06-15 04:36:54,363:INFO: Reduce to /job:localhost/replica:0/task:0/device:CPU:0 then broadcast to ('/job:localhost/replica:0/task:0/device:CPU:0',).
2020-06-15 04:36:54,368:INFO: Reduce to /job:localhost/replica:0/task:0/device:CPU:0 then broadcast to ('/job:localhost/replica:0/task:0/device:CPU:0',).
2020-06-15 04:36:55,742:INFO: Reduce to /job:localhost/replica:0/task:0/device:CPU:0 then broadcast to ('/job:localhost/replica:0/task:0/device:CPU:0',).
2020-06-15 04:36:55,748:INFO: Reduce to /job:localhost/replica:0/task:0/device:CPU:0 then broadcast to ('/job:localhost/replica:0/task:0/device:CPU:0',).
2020-06-15 04:36:55,754:INFO: Reduce to /job:localhost/replica:0/task:0/device:CPU:0 then broadcast to ('/job:localhost/replica:0/task:0/device:CPU:0',).
2020-06-15 04:36:56,788:INFO: Training model...
2020-06-15 04:37:07,584:INFO: batch_all_reduce: 14 all-reduces with algorithm = nccl, num_packs = 1, agg_small_grads_max_bytes = 0 and agg_small_grads_max_group = 10
2020-06-15 04:37:08,111:INFO: Reduce to /job:localhost/replica:0/task:0/device:CPU:0 then broadcast to ('/job:localhost/replica:0/task:0/device:CPU:0',).
2020-06-15 04:37:20,331:INFO: batch_all_reduce: 14 all-reduces with algorithm = nccl, num_packs = 1, agg_small_grads_max_bytes = 0 and agg_small_grads_max_group = 10
2020-06-15 04:37:45,526:INFO: Found credentials in shared credentials file: ~/.aws/credentials
